Nis 01, 2020 3:50:17 ÖS Main main
INFO: MyFirst log
Nis 01, 2020 3:50:17 ÖS Main main
INFO: Read File
Nis 01, 2020 3:50:17 ÖS Main main
INFO: New element added specific index to linked list
Nis 01, 2020 3:50:17 ÖS Main main
INFO: New element added specific index to linked list with iterator
Nis 01, 2020 3:50:17 ÖS Main main
INFO: New element added specific index to ArrayList
Nis 01, 2020 3:50:17 ÖS Main main
INFO: New element added specific index to ArrayList with iterator
Nis 01, 2020 3:50:17 ÖS Main main
INFO: Searched character found in Linkedlist or not found
Nis 01, 2020 3:50:17 ÖS Main main
INFO: Searched character found in Linkedlist or not found with iterator
Nis 01, 2020 3:50:17 ÖS Main main
INFO: Searched character found in Arraylist or not found
Nis 01, 2020 3:50:17 ÖS Main main
INFO: Searched character found in Arraylist or not found with iterator
Nis 01, 2020 3:50:17 ÖS Main main
INFO: Desired character replaced with other character in Linkedlist
Nis 01, 2020 3:50:17 ÖS Main main
INFO: Desired character replaced with other character in Linkedlist with iterator
Nis 01, 2020 3:50:17 ÖS Main main
INFO: Desired character replaced with other character in Arraylist
Nis 01, 2020 3:50:17 ÖS Main main
INFO: Desired character replaced with other character in Arraylist with iterator
Nis 01, 2020 3:50:17 ÖS Main main
INFO: ***Finish***
